Remember that you can report errors and get help in https://github.com/NicoSantangelo/sublime-gulp

07-15-2016 09:09:
/Users/iobg/Library/Application Support/Sublime Text 3/Packages/Gulp/write_tasks_to_cache.js:31
        throw ex;
        ^

Error: Cannot find module 'gulp-jshint'
    at Function.Module._resolveFilename (module.js:325:15)
    at Function.Module._load (module.js:276:25)
    at Module.require (module.js:353:17)
    at require (internal/module.js:12:17)
    at Object.<anonymous> (/Users/iobg/workspace/playground/music-history-firebase-bolierplate/.sublime-gulp-tmp.js:3:14)
    at Module._compile (module.js:409:26)
    at Object.Module._extensions..js (module.js:416:10)
    at Module.load (module.js:343:32)
    at Function.Module._load (module.js:300:12)
    at Module.require (module.js:353:17)


07-15-2016 09:09:
/Users/iobg/Library/Application Support/Sublime Text 3/Packages/Gulp/write_tasks_to_cache.js:31
        throw ex;
        ^

Error: Cannot find module 'gulp-jshint'
    at Function.Module._resolveFilename (module.js:325:15)
    at Function.Module._load (module.js:276:25)
    at Module.require (module.js:353:17)
    at require (internal/module.js:12:17)
    at Object.<anonymous> (/Users/iobg/workspace/playground/music-history-firebase-bolierplate/.sublime-gulp-tmp.js:3:14)
    at Module._compile (module.js:409:26)
    at Object.Module._extensions..js (module.js:416:10)
    at Module.load (module.js:343:32)
    at Function.Module._load (module.js:300:12)
    at Module.require (module.js:353:17)
